[2025-07-05 14:42:08.637474] Customer: CUST8084 | Predicted: ATO + RTP Drain (ML-Based) | Source: ML-Based | Amount: 53837.22
[2025-07-05 15:09:50.580893] Customer: CUST8084 | Predicted: ATO + RTP Drain (ML-Based) | Source: ML-Based | Amount: 53837.22
[2025-07-05 15:10:42.167709] Customer: CUST4882 | Predicted: APP Fraud (ML-Based) | Source: ML-Based | Amount: 9551.76
[2025-07-05 15:11:10.415899] Customer: CUST4882 | Predicted: APP Fraud (ML-Based) | Source: ML-Based | Amount: 9551.76
[2025-07-05 15:11:40.742883] Customer: CUST4882 | Predicted: APP Fraud (ML-Based) | Source: ML-Based | Amount: 9551.76
[2025-07-05 15:15:56.247724] Customer: CUST4882 | Predicted: APP Fraud (ML-Based) | Source: ML-Based | Amount: 9551.76
[2025-07-05 15:16:01.003028] Customer: CUST4882 | Predicted: APP Fraud (ML-Based) | Source: ML-Based | Amount: 9551.76
[2025-07-05 15:16:03.147491] Customer: CUST4882 | Predicted: APP Fraud (ML-Based) | Source: ML-Based | Amount: 9551.76
[2025-07-05 15:18:20.742657] Customer: CUST8084 | Predicted: ATO + RTP Drain (ML-Based) | Source: ML-Based | Amount: 53837.22
[2025-07-05 15:18:38.611097] Customer: CUST8084 | Predicted: APP Fraud (ML-Based) | Source: ML-Based | Amount: 53837.22
[2025-07-06 22:46:57.607329] Customer: CUST8084, Rule: None, ML: None
[2025-07-06 22:47:07.809784] Customer: CUST8084, Rule: None, ML: None
[2025-07-06 22:48:32.942884] Customer: CUST6189, Rule: ATO + RTP Drain, ML: ATO + RTP Drain
[2025-07-06 22:50:52.786582] Customer: CUST6189, Rule: ATO + RTP Drain, ML: ATO + RTP Drain
[2025-07-06 22:55:48.076361] Customer: CUST6189, Rule: ATO + RTP Drain, ML: ATO + RTP Drain
[2025-07-06 22:56:33.012065] Customer: CUST4882, Rule: APP Fraud, ML: APP Fraud
[2025-07-06 22:57:12.802267] Customer: CUST8061, Rule: None, ML: None
[2025-07-06 23:11:02.791393] Customer: CUST6189 | Rule: ATO + RTP Drain | ML: ATO + RTP Drain
[2025-07-06 23:11:36.098693] Customer: CUST6189 | Rule: ATO + RTP Drain | ML: ATO + RTP Drain
[2025-07-06 23:17:28.278517] Customer: CUST6189 | Rule: ATO + RTP Drain | ML: ATO + RTP Drain
[2025-07-06 23:18:27.523297] Customer: CUST4882 | Rule: APP Fraud | ML: APP Fraud
[2025-07-06 23:19:20.963630] Customer: CUST8061 | Rule: None | ML: None
[2025-07-06 23:21:45.008879] Customer: CUST6189 | Rule: ATO + RTP Drain | ML: ATO + RTP Drain
[2025-07-07 11:14:23.922238] Customer: CUST4882 | Rule: APP Fraud | ML: APP Fraud
[2025-07-07 11:20:50.898123] Customer: CUST4882 | Rule: APP Fraud | ML: APP Fraud
[2025-07-07 11:24:41.989734] Customer: CUST8761 | Rule: None | ML: None
[2025-07-07 12:14:55.784792] Customer: CUST4882 | Rule: APP Fraud | ML: APP Fraud
[2025-07-07 12:16:12.430155] Customer: CUST8761 | Rule: None | ML: None
[2025-07-07 12:17:05.722528] Customer: CUST6189 | Rule: ATO + RTP Drain | ML: ATO + RTP Drain
[2025-07-07 14:42:02.255415] Customer: CUST8761 | Rule: None | ML: None
[2025-07-08 10:55:22.337875] Customer: CUST6189 | Rule: ATO + RTP Drain | ML: ATO + RTP Drain
[2025-07-08 13:03:28.823543] Customer: CUST6189 | Rule: ATO + RTP Drain | ML: ATO + RTP Drain
[2025-07-08 13:05:31.035005] Customer: CUST4882 | Rule: APP Fraud | ML: APP Fraud
[2025-07-08 13:10:20.302321] Customer: CUST4882 | Rule: APP Fraud | ML: APP Fraud
[2025-07-10 07:37:30.313764] Customer: CUST4882 | Rule: APP Fraud | ML: APP Fraud
[2025-07-10 07:44:48.738954] Customer: CUST4882 | Rule: APP Fraud | ML: APP Fraud
[2025-07-14 12:20:25.530007] Customer: CUST4882 | Rule: APP Fraud | ML: APP Fraud
[2025-07-14 16:27:45.502376] Customer: CUST4882 | Rule: APP Fraud | ML: APP Fraud
[2025-07-14 16:53:22.751803] Customer: CUST6189 | Rule: ATO + RTP Drain | ML: ATO + RTP Drain
[2025-07-18 12:37:35.231286] Customer: CUST6189 | Rule: ATO + RTP Drain | ML: ATO + RTP Drain
[2025-09-01 14:53:24.375265] Customer: CUST6189 | Rule: ATO + RTP Drain | ML: ATO + RTP Drain
[2025-09-01 14:54:26.073657] Customer: CUST4882 | Rule: APP Fraud | ML: APP Fraud
[2025-09-01 14:56:45.265674] Customer: CUST4882 | Rule: APP Fraud | ML: APP Fraud
[2025-09-01 15:00:03.953303] Customer: CUST4882 | Rule: APP Fraud | ML: APP Fraud
[2025-09-01 15:00:58.475107] Customer: CUST6189 | Rule: ATO + RTP Drain | ML: ATO + RTP Drain
[2025-09-01 15:17:38.871265] Customer: CUST6189 | Rule: ATO + RTP Drain | ML: ATO + RTP Drain
[2025-09-01 15:25:24.184337] Customer: CUST6189 | Rule: ATO + RTP Drain | ML: ATO + RTP Drain
[2025-09-01 15:26:03.008870] Customer: CUST8084 | Rule: None | ML: None
[2025-09-01 15:27:55.952365] Customer: CUST4882 | Rule: APP Fraud | ML: APP Fraud
[2025-09-01 15:55:57.186116] Customer: CUST8061 | Rule: None | ML: None
[2025-09-01 16:11:21.633777] Customer: CUST4882 | Rule: APP Fraud | ML: APP Fraud
[2025-09-01 16:11:27.931616] Customer: CUST4882 | Rule: APP Fraud | ML: APP Fraud
[2025-09-01 16:13:05.000151] Customer: CUST4882 | Rule: APP Fraud | ML: APP Fraud
[2025-09-01 17:38:29.991851] Customer: CUST4882 | Rule: APP Fraud | ML: APP Fraud
[2025-09-01 18:08:47.214724] Customer: CUST4882 | Rule: APP Fraud | ML: APP Fraud
[2025-09-01 18:10:28.575070] Customer: CUST6189 | Rule: ATO + RTP Drain | ML: ATO + RTP Drain
[2025-09-02 15:46:12.017848] Customer: CUST8084 | Rule: None | ML: None
[2025-09-02 15:50:15.964451] Customer: CUST8084 | Rule: None | ML: None
[2025-09-02 16:09:49.691043] Customer: CUST8084 | Rule: None | ML: None
[2025-09-03 12:36:03.284611] Customer: CUST8084 | Rule: None | ML: None
[2025-09-03 12:38:29.326554] Customer: CUST8084 | Rule: None | ML: None
[2025-09-03 16:17:12.696004] Customer: CUST8084 | Rule: None | ML: None
[2025-09-03 16:19:10.612105] Customer: CUST8761 | Rule: None | ML: None
[2025-09-03 16:20:47.318898] Customer: CUST8761 | Rule: None | ML: None
[2025-09-03 16:22:03.851675] Customer: CUST8761 | Rule: None | ML: None
[2025-09-03 16:22:25.066829] Customer: CUST8761 | Rule: None | ML: None
[2025-09-04 11:35:27.893833] Customer: CUST8761 | Rule: None | ML: None
[2025-09-04 11:38:27.321483] Customer: CUST8084 | Rule: None | ML: None
[2025-09-04 11:41:10.787153] Customer: CUST8084 | Rule: None | ML: None
[2025-09-04 11:42:01.977763] Customer: CUST8084 | Rule: None | ML: None
[2025-09-04 11:43:02.997878] Customer: CUST8084 | Rule: None | ML: None
[2025-09-04 11:43:41.206864] Customer: CUST8084 | Rule: None | ML: None
[2025-09-04 15:56:31.500348] Customer: CUST8084 | Rule: None | ML: None
 SHAP TOP Features: {'new_beneficiary_added': 3.994590997695923, 'failed_login_attempts': 2.873333215713501, 'unusual_location': 1.2394580841064453}
[2025-09-04 16:00:47.782105] Customer: CUST8761 | Rule: None | ML: None
 SHAP TOP Features: {'new_beneficiary_added': 4.156604290008545, 'failed_login_attempts': 2.9632842540740967, 'unusual_location': 1.2224396467208862}
[2025-09-04 16:02:15.724191] Customer: CUST8761 | Rule: None | ML: None
 SHAP TOP Features: {'new_beneficiary_added': 4.156604290008545, 'failed_login_attempts': 2.9632842540740967, 'unusual_location': 1.2224396467208862}
[2025-09-04 16:07:09.124975] Customer: CUST8761 | Rule: None | ML: None
 SHAP TOP Features: {'new_beneficiary_added': 4.156604290008545, 'failed_login_attempts': 2.9632842540740967, 'unusual_location': 1.2224396467208862}
[2025-09-04 16:07:19.238377] Customer: CUST8761 | Rule: None | ML: None
 SHAP TOP Features: {'new_beneficiary_added': 4.156604290008545, 'failed_login_attempts': 2.9632842540740967, 'unusual_location': 1.2224396467208862}
[2025-09-04 16:15:51.459608] Customer: CUST8761 | Rule: None | ML: None
 SHAP TOP Features: {'new_beneficiary_added': 4.156604290008545, 'failed_login_attempts': 2.9632842540740967, 'unusual_location': 1.2224396467208862}
[2025-09-04 16:16:07.444239] Customer: CUST8761 | Rule: None | ML: None
 SHAP TOP Features: {'new_beneficiary_added': 4.156604290008545, 'failed_login_attempts': 2.9632842540740967, 'unusual_location': 1.2224396467208862}
[2025-09-04 16:16:25.667970] Customer: CUST8761 | Rule: None | ML: None
 SHAP TOP Features: {'new_beneficiary_added': 4.156604290008545, 'failed_login_attempts': 2.9632842540740967, 'unusual_location': 1.2224396467208862}
[2025-09-04 16:18:20.032298] Customer: CUST8761 | Rule: None | ML: None
 SHAP TOP Features: {'new_beneficiary_added': 4.156604290008545, 'failed_login_attempts': 2.9632842540740967, 'unusual_location': 1.2224396467208862}
[2025-09-04 16:25:24.393531] Customer: CUST8761 | Rule: None | ML: None
 SHAP TOP Features: {'new_beneficiary_added': 4.156604290008545, 'failed_login_attempts': 2.9632842540740967, 'unusual_location': 1.2224396467208862}
[2025-09-04 16:25:35.439376] Customer: CUST8761 | Rule: None | ML: None
 SHAP TOP Features: {'new_beneficiary_added': 4.156604290008545, 'failed_login_attempts': 2.9632842540740967, 'unusual_location': 1.2224396467208862}
[2025-09-04 16:25:43.905863] Customer: CUST8761 | Rule: None | ML: None
 SHAP TOP Features: {'new_beneficiary_added': 4.156604290008545, 'failed_login_attempts': 2.9632842540740967, 'unusual_location': 1.2224396467208862}
[2025-09-04 16:39:57.466505] Customer: CUST8761 | Rule: None | ML: None
 SHAP TOP Features: {'new_beneficiary_added': 4.156604290008545, 'failed_login_attempts': 2.9632842540740967, 'unusual_location': 1.2224396467208862}
[2025-09-04 16:40:10.279695] Customer: CUST8761 | Rule: None | ML: None
 SHAP TOP Features: {'new_beneficiary_added': 4.156604290008545, 'failed_login_attempts': 2.9632842540740967, 'unusual_location': 1.2224396467208862}
[2025-09-04 16:40:31.131174] Customer: CUST8761 | Rule: None | ML: None
 SHAP TOP Features: {'new_beneficiary_added': 4.156604290008545, 'failed_login_attempts': 2.9632842540740967, 'unusual_location': 1.2224396467208862}
[2025-09-04 16:41:59.683646] Customer: CUST8761 | Rule: None | ML: None
 SHAP TOP Features: {'new_beneficiary_added': 4.156604290008545, 'failed_login_attempts': 2.9632842540740967, 'unusual_location': 1.2224396467208862}
[2025-09-04 16:46:51.295589] Customer: CUST8761 | Rule: None | ML: None
 SHAP TOP Features: {'new_beneficiary_added': 4.119183540344238, 'failed_login_attempts': 2.9708168506622314, 'unusual_location': 1.2295392751693726}
[2025-09-04 17:05:01.115135] Customer: CUST8761 | Rule: None | ML: None | Final: Review Needed
 SHAP TOP Features: {'new_beneficiary_added': 4.119183540344238, 'failed_login_attempts': 2.9708168506622314, 'unusual_location': 1.2295392751693726}
[2025-09-04 17:12:41.693742] Customer: CUST8761 | Rule: None | ML: None | Final: Review Needed
 SHAP TOP Features: {'new_beneficiary_added': 4.119183540344238, 'failed_login_attempts': 2.9708168506622314, 'unusual_location': 1.2295392751693726}
[2025-09-04 17:12:58.289772] Customer: CUST8761 | Rule: None | ML: None | Final: Review Needed
 SHAP TOP Features: {'new_beneficiary_added': 4.119183540344238, 'failed_login_attempts': 2.9708168506622314, 'unusual_location': 1.2295392751693726}
[2025-09-04 17:26:05.073701] Customer: CUST8761 | Rule: None | ML: None | Final: Review Needed
 SHAP TOP Features: {'new_beneficiary_added': 4.119183540344238, 'failed_login_attempts': 2.9708168506622314, 'unusual_location': 1.2295392751693726}
[2025-09-04 17:35:46.509609] Customer: CUST8084 | Rule: None | ML: None | Final: Review Needed
 SHAP TOP Features: {'new_beneficiary_added': 3.9954569339752197, 'failed_login_attempts': 2.9045255184173584, 'unusual_location': 1.2489266395568848}
[2025-09-04 17:37:26.085299] Customer: CUST8761 | Rule: None | ML: None | Final: Review Needed
 SHAP TOP Features: {'new_beneficiary_added': 4.119183540344238, 'failed_login_attempts': 2.9708168506622314, 'unusual_location': 1.2295392751693726}
[2025-09-04 17:37:56.109434] Customer: CUST8761 | Rule: None | ML: None | Final: Review Needed
 SHAP TOP Features: {'new_beneficiary_added': 4.119183540344238, 'failed_login_attempts': 2.9708168506622314, 'unusual_location': 1.2295392751693726}
[2025-09-04 17:38:06.892471] Customer: CUST8761 | Rule: None | ML: None | Final: Review Needed
 SHAP TOP Features: {'new_beneficiary_added': 4.119183540344238, 'failed_login_attempts': 2.9708168506622314, 'unusual_location': 1.2295392751693726}
[2025-09-04 19:38:32.939085] Customer: CUST8084 | Rule: ['Unusual Location', 'High Daily Transaction Frequency'] | ML: None | Final: Rule-Based Fraud
 SHAP TOP Features: {'new_beneficiary_added': 3.9954569339752197, 'failed_login_attempts': 2.9045255184173584, 'unusual_location': 1.2489266395568848}
[2025-09-05 08:01:54.264305] Customer: CUST8084 | Rule: ['Unusual Location', 'High Daily Transaction Frequency'] | ML: None | Final: Rule-Based Fraud
 SHAP TOP Features: {'new_beneficiary_added': 3.9954569339752197, 'failed_login_attempts': 2.9045255184173584, 'unusual_location': 1.2489266395568848}
[2025-09-05 08:02:10.843030] Customer: CUST8084 | Rule: ['Unusual Location', 'High Daily Transaction Frequency'] | ML: None | Final: Rule-Based Fraud
 SHAP TOP Features: {'new_beneficiary_added': 3.9954569339752197, 'failed_login_attempts': 2.9045255184173584, 'unusual_location': 1.2489266395568848}
[2025-09-05 08:08:10.717227] Customer: CUST8084 | Rule: ['Unusual Location', 'High Daily Transaction Frequency'] | ML: None | Final: Rule-Based Fraud
 SHAP TOP Features: {'new_beneficiary_added': 3.9954569339752197, 'failed_login_attempts': 2.9045255184173584, 'unusual_location': 1.2489266395568848}
[2025-09-05 08:08:27.298713] Customer: CUST8084 | Rule: ['Unusual Location', 'High Daily Transaction Frequency'] | ML: None | Final: Rule-Based Fraud
 SHAP TOP Features: {'new_beneficiary_added': 3.9954569339752197, 'failed_login_attempts': 2.9045255184173584, 'unusual_location': 1.2489266395568848}
[2025-09-05 08:17:57.997617] Customer: CUST8084 | Rule: ['Unusual Location', 'High Daily Transaction Frequency'] | ML: None | Final: Rule-Based Fraud
 SHAP TOP Features: {'new_beneficiary_added': 3.9954569339752197, 'failed_login_attempts': 2.9045255184173584, 'unusual_location': 1.2489266395568848}
[2025-09-05 08:26:29.229952] Customer: CUST8084 | Rule: None | ML: None | Final: None
[2025-09-05 08:27:51.213894] Customer: CUST8761 | Rule: None | ML: None | Final: None
[2025-09-05 08:28:01.731454] Customer: CUST8761 | Rule: None | ML: None | Final: None
[2025-09-05 08:31:38.441727] Customer: CUST8761 | Rule: None | ML: None | Final: None
[2025-09-05 08:31:45.822643] Customer: CUST8761 | Rule: None | ML: None | Final: None
[2025-09-05 09:44:00.690590] Customer: CUST8084 | Rule: None | ML: None | Final: None
[2025-09-05 11:01:35.220852] Customer: CUST8084 | Rule: None | ML: None | Final: None
[2025-09-05 11:42:32.075226] Customer: CUST6189 | Rule: ATO + RTP Drain | ML: ATO + RTP Drain
[2025-09-05 11:42:53.982027] Customer: CUST4882 | Rule: APP Fraud | ML: APP Fraud
[2025-09-05 11:43:09.478295] Customer: CUST8061 | Rule: None | ML: None
[2025-09-08 11:40:46.503257] Customer: CUST8084 | Rule: None | ML: None
[2025-09-08 11:43:35.970244] Customer: CUST4882 | Rule: None | ML: None
[2025-09-08 11:43:47.089868] Customer: CUST4882 | Rule: None | ML: None
[2025-09-08 11:44:15.183163] Customer: CUST4882 | Rule: APP Fraud | ML: APP Fraud
[2025-09-08 11:47:03.464294] Customer: CUST6189 | Rule: ATO + RTP Drain | ML: ATO + RTP Drain
[2025-09-08 11:52:13.569296] Customer: CUST4882 | Rule: APP Fraud | ML: APP Fraud
[2025-09-08 11:53:03.331012] Customer: CUST6189 | Rule: ATO + RTP Drain | ML: ATO + RTP Drain
[2025-09-08 11:59:16.567564] Customer: CUST8761 | Rule: None | ML: None
[2025-09-08 12:03:55.842631] Customer: CUST4882 | Rule: APP Fraud | ML: APP Fraud
[2025-09-08 12:06:08.081720] Customer: CUST4882 | Rule: APP Fraud | ML: APP Fraud
[2025-09-08 12:10:52.013123] Customer: CUST6189 | Rule: ATO + RTP Drain | ML: ATO + RTP Drain
[2025-09-08 12:16:30.583624] Customer: CUST8061 | Rule: None | ML: None
[2025-09-08 12:19:19.841312] Customer: CUST8061 | Rule: None | ML: None
[2025-09-08 12:20:21.181236] Customer: CUST4882 | Rule: APP Fraud | ML: APP Fraud
[2025-09-08 12:22:02.100718] Customer: CUST4882 | Rule: APP Fraud | ML: APP Fraud
[2025-09-08 12:29:24.391173] Customer: CUST4882 | Rule: APP Fraud | ML: APP Fraud
[2025-09-08 12:29:53.044518] Customer: CUST4882 | Rule: APP Fraud | ML: APP Fraud
[2025-09-08 12:35:51.226798] Customer: CUST4882 | Rule: APP Fraud | ML: APP Fraud
[2025-09-08 12:38:54.097850] Customer: CUST4882 | Rule: APP Fraud | ML: APP Fraud
[2025-09-08 12:49:04.304240] Customer: CUST4882 | Rule: APP Fraud | ML: APP Fraud
[2025-09-08 12:50:12.131356] Customer: CUST4882 | Rule: APP Fraud | ML: APP Fraud
[2025-09-08 13:58:51.674638] Customer: CUST4882 | Rule: APP Fraud | ML: APP Fraud
[2025-09-08 13:59:05.482461] Customer: CUST4882 | Rule: APP Fraud | ML: APP Fraud
[2025-09-09 12:06:15.377828] Customer: CUST4882 | Rule: ['New Beneficiary Added', 'Unusual Location', 'High Daily Transaction Frequency'] | ML: APP Fraud | Final: Rule-Based Fraud
[2025-09-09 12:09:56.978736] ✅ LOG | Customer: CUST4882 | Rule: ['New Beneficiary Added', 'Unusual Location', 'High Daily Transaction Frequency'] | ML: APP Fraud | Final: Rule-Based Fraud
 🔍 SHAP TOP Features: {'new_beneficiary_added': 2.514608383178711, 'failed_login_attempts': 2.4707846641540527, 'unusual_location': 1.3735190629959106}
[2025-09-09 12:11:53.152769] ✅ LOG | Customer: CUST6189 | Rule: ['Unusual Location', 'Higher-than-usual Transaction Amount', 'Multiple Failed Logins', 'High Daily Transaction Frequency'] | ML: ATO + RTP Drain | Final: Rule-Based Fraud
 🔍 SHAP TOP Features: {'failed_login_attempts': 3.2677767276763916, 'unusual_location': 2.136284112930298, 'new_beneficiary_added': 0.10518357157707214}
[2025-09-09 12:12:15.574997] ✅ LOG | Customer: CUST6189 | Rule: ['Unusual Location', 'Higher-than-usual Transaction Amount', 'Multiple Failed Logins', 'High Daily Transaction Frequency'] | ML: ATO + RTP Drain | Final: Rule-Based Fraud
 🔍 SHAP TOP Features: {'failed_login_attempts': 3.2677767276763916, 'unusual_location': 2.136284112930298, 'new_beneficiary_added': 0.10518357157707214}
[2025-09-09 12:13:40.399209] ✅ LOG | Customer: CUST6189 | Rule: ['Unusual Location', 'Higher-than-usual Transaction Amount', 'Multiple Failed Logins', 'High Daily Transaction Frequency'] | ML: ATO + RTP Drain | Final: Rule-Based Fraud
 🔍 SHAP TOP Features: {'failed_login_attempts': 3.2677767276763916, 'unusual_location': 2.136284112930298, 'new_beneficiary_added': 0.10518357157707214}
[2025-09-09 12:13:51.056738] ✅ LOG | Customer: CUST6189 | Rule: ['Unusual Location', 'Higher-than-usual Transaction Amount', 'Multiple Failed Logins', 'High Daily Transaction Frequency'] | ML: ATO + RTP Drain | Final: Rule-Based Fraud
 🔍 SHAP TOP Features: {'failed_login_attempts': 3.2677767276763916, 'unusual_location': 2.136284112930298, 'new_beneficiary_added': 0.10518357157707214}
[2025-09-09 12:17:55.826036] ❌ ERROR | Customer: CUST6189 | Error: Unknown value for transaction_type: Member-to-Member Transfer
 Input Data: {'Customer_ID': 'CUST6189', 'Transaction_Type': 'Member-to-Member Transfer', 'Transaction_Amount': 1000.0, 'Device_Type': 'Mobile'}
[2025-09-09 12:18:02.705802] ✅ LOG | Customer: CUST6189 | Rule: ['Unusual Location', 'Multiple Failed Logins', 'High Daily Transaction Frequency'] | ML: ATO + RTP Drain | Final: Rule-Based Fraud
 🔍 SHAP TOP Features: {'failed_login_attempts': 3.2677767276763916, 'unusual_location': 2.136284112930298, 'new_beneficiary_added': 0.10518357157707214}
[2025-09-09 12:19:09.942679] ✅ LOG | Customer: CUST6189 | Rule: ['Unusual Location', 'Multiple Failed Logins', 'High Daily Transaction Frequency'] | ML: ATO + RTP Drain | Final: Rule-Based Fraud
 🔍 SHAP TOP Features: {'failed_login_attempts': 3.2677767276763916, 'unusual_location': 2.136284112930298, 'new_beneficiary_added': 0.10518357157707214}
[2025-09-09 12:19:32.592229] ✅ LOG | Customer: CUST4882 | Rule: ['New Beneficiary Added', 'Unusual Location', 'High Daily Transaction Frequency'] | ML: APP Fraud | Final: Rule-Based Fraud
 🔍 SHAP TOP Features: {'new_beneficiary_added': 2.514608383178711, 'failed_login_attempts': 2.4707846641540527, 'unusual_location': 1.3735190629959106}
[2025-09-09 12:20:15.844374] ✅ LOG | Customer: CUST8061 | Rule: ['Unusual Location'] | ML: None | Final: Rule-Based Fraud
 🔍 SHAP TOP Features: {'new_beneficiary_added': 4.0097150802612305, 'failed_login_attempts': 2.8420443534851074, 'unusual_location': 1.2747290134429932}
[2025-09-09 12:24:47.214924] ✅ LOG | Customer: CUST6189 | Rule: ['Unusual Location', 'Higher-than-usual Transaction Amount', 'Multiple Failed Logins', 'High Daily Transaction Frequency'] | ML: ATO + RTP Drain | Final: Rule-Based Fraud
 🔍 SHAP TOP Features: {'failed_login_attempts': 3.2677767276763916, 'unusual_location': 2.136284112930298, 'new_beneficiary_added': 0.10518357157707214}
[2025-09-09 12:25:47.235555] ✅ LOG | Customer: CUST8084 | Rule: ['Unusual Location', 'High Daily Transaction Frequency'] | ML: None | Final: Rule-Based Fraud
 🔍 SHAP TOP Features: {'new_beneficiary_added': 3.9954569339752197, 'failed_login_attempts': 2.9045255184173584, 'unusual_location': 1.2489266395568848}
[2025-09-09 12:34:09.191018] ✅ LOG | Customer: CUST6189 | Rule: ['Unusual Location', 'Higher-than-usual Transaction Amount', 'Multiple Failed Logins', 'High Daily Transaction Frequency'] | ML: ATO + RTP Drain | Final: Rule-Based Fraud
 🔍 SHAP TOP Features: {'failed_login_attempts': 3.2677767276763916, 'unusual_location': 2.136284112930298, 'new_beneficiary_added': 0.10518357157707214}
[2025-09-09 12:40:52.999584] ✅ LOG | Customer: CUST6189 | Rule: ['Unusual Location', 'Higher-than-usual Transaction Amount', 'Multiple Failed Logins', 'High Daily Transaction Frequency'] | ML: ATO + RTP Drain | Final: Rule-Based Fraud
 🔍 SHAP TOP Features: {'failed_login_attempts': 3.2677767276763916, 'unusual_location': 2.136284112930298, 'new_beneficiary_added': 0.10518357157707214}
[2025-09-09 12:41:12.173867] ✅ LOG | Customer: CUST4882 | Rule: ['New Beneficiary Added', 'Unusual Location', 'High Daily Transaction Frequency'] | ML: APP Fraud | Final: Rule-Based Fraud
 🔍 SHAP TOP Features: {'new_beneficiary_added': 2.514608383178711, 'failed_login_attempts': 2.4707846641540527, 'unusual_location': 1.3735190629959106}
[2025-09-09 12:41:53.549485] ✅ LOG | Customer: CUST8061 | Rule: ['Unusual Location'] | ML: None | Final: Rule-Based Fraud
 🔍 SHAP TOP Features: {'new_beneficiary_added': 4.0097150802612305, 'failed_login_attempts': 2.8420443534851074, 'unusual_location': 1.2747290134429932}
[2025-09-09 12:45:16.884552] ✅ LOG | Customer: CUST4882 | Rule: ['New Beneficiary Added', 'Unusual Location', 'High Daily Transaction Frequency'] | ML: APP Fraud | Final: Rule-Based Fraud
 🔍 SHAP TOP Features: {'new_beneficiary_added': 2.514608383178711, 'failed_login_attempts': 2.4707846641540527, 'unusual_location': 1.3735190629959106}
[2025-09-09 12:48:21.236225] ✅ LOG | Customer: CUST6189 | Rule: ['Unusual Location', 'Higher-than-usual Transaction Amount', 'Multiple Failed Logins', 'High Daily Transaction Frequency'] | ML: ATO + RTP Drain | Final: Rule-Based Fraud
 🔍 SHAP TOP Features: {'failed_login_attempts': 3.2677767276763916, 'unusual_location': 2.136284112930298, 'new_beneficiary_added': 0.10518357157707214}
[2025-09-09 12:48:52.756261] ✅ LOG | Customer: CUST8061 | Rule: ['Unusual Location'] | ML: None | Final: Rule-Based Fraud
 🔍 SHAP TOP Features: {'new_beneficiary_added': 4.0097150802612305, 'failed_login_attempts': 2.8420443534851074, 'unusual_location': 1.2747290134429932}
